[2019-07-24 12:38:21] app.ERROR: Class "AdminLeoBootstrapMenuModuleController" not found in controllers/admin [] []
[2019-07-24 12:38:21] app.ERROR: Class "AdminLeoWidgetsController" not found in controllers/admin [] []
[2019-07-24 12:38:53] app.ERROR: Class "AdminLeoProductSearchModuleController" not found in controllers/admin [] []
[2019-07-26 09:01:38] request.INFO: Matched route "admin_module_manage". {"route":"admin_module_manage","route_parameters":{"category":null,"keyword":null,"_controller":"PrestaShopBundle\\Controller\\Admin\\Improve\\ModuleController::manageAction","_legacy_controller":"AdminModulesManage","_legacy_link":["AdminModulesManage","AdminModulesSf"],"_route":"admin_module_manage"},"request_uri":"http://localhost/danshop/admin623addtdx/index.php/improve/modules/manage?_token=xsJo5BrhGMQ0kSgOgu1jZ42a0QAdmAND9IcezZm9yvk","method":"GET"} []
[2019-07-26 09:01:38] security.DEBUG: Read existing security token from the session. {"key":"_security_main","token_class":"Symfony\\Component\\Security\\Core\\Authentication\\Token\\UsernamePasswordToken"} []
[2019-07-26 09:01:38] security.DEBUG: User was reloaded from a user provider. {"provider":"PrestaShopBundle\\Security\\Admin\\EmployeeProvider","username":"gloryayivi@gmail.com"} []
[2019-07-26 09:01:43] app.ERROR: Data from PrestaShop Addons is invalid, and cannot fallback on cache.  {"exception":"cURL error 28: Resolving timed out after 5514 milliseconds"} []
[2019-07-26 09:01:44] security.DEBUG: Stored the security token in the session. {"key":"_security_main"} []
[2019-07-26 09:01:45] request.INFO: Matched route "admin_module_notification_count". {"route":"admin_module_notification_count","route_parameters":{"_controller":"PrestaShopBundle\\Controller\\Admin\\Improve\\Modules\\AlertsController::notificationsCountAction","_legacy_controller":"AdminModulesNotifications","_legacy_link":"AdminModulesNotifications:count","_route":"admin_module_notification_count"},"request_uri":"http://localhost/danshop/admin623addtdx/index.php/improve/modules/alerts/count?_token=xsJo5BrhGMQ0kSgOgu1jZ42a0QAdmAND9IcezZm9yvk","method":"GET"} []
[2019-07-26 09:01:45] security.DEBUG: Read existing security token from the session. {"key":"_security_main","token_class":"Symfony\\Component\\Security\\Core\\Authentication\\Token\\UsernamePasswordToken"} []
[2019-07-26 09:01:45] security.DEBUG: User was reloaded from a user provider. {"provider":"PrestaShopBundle\\Security\\Admin\\EmployeeProvider","username":"gloryayivi@gmail.com"} []
[2019-07-26 09:01:51] app.ERROR: Data from PrestaShop Addons is invalid, and cannot fallback on cache.  {"exception":"cURL error 28: Resolving timed out after 5514 milliseconds"} []
[2019-07-26 09:01:51] security.DEBUG: Stored the security token in the session. {"key":"_security_main"} []
[2019-07-27 11:49:05] request.INFO: Matched route "admin_product_form". {"route":"admin_product_form","route_parameters":{"_controller":"PrestaShopBundle\\Controller\\Admin\\ProductController::formAction","_legacy_controller":"AdminProducts","_legacy_param_mapper_class":"PrestaShop\\PrestaShop\\Adapter\\Product\\AdminProductDataProvider","_legacy_param_mapper_method":"mapLegacyParametersProductForm","id":"21","_route":"admin_product_form"},"request_uri":"http://localhost/danshop/admin623addtdx/index.php/sell/catalog/products/21?_token=u8St3IsabF20gUy3bEOIERpnx1D5-C3SuZOFpX0u_m8","method":"GET"} []
[2019-07-27 11:49:05] security.DEBUG: Read existing security token from the session. {"key":"_security_main","token_class":"Symfony\\Component\\Security\\Core\\Authentication\\Token\\UsernamePasswordToken"} []
[2019-07-27 11:49:05] security.DEBUG: User was reloaded from a user provider. {"provider":"PrestaShopBundle\\Security\\Admin\\EmployeeProvider","username":"gloryayivi@gmail.com"} []
[2019-07-27 11:49:05] app.ERROR: Data from PrestaShop Addons is invalid, and cannot fallback on cache.  {"exception":"cURL error 6: Could not resolve host: api-addons.prestashop.com"} []
[2019-07-27 11:49:05] security.DEBUG: Stored the security token in the session. {"key":"_security_main"} []
[2019-07-27 11:58:49] request.INFO: Matched route "admin_product_form". {"route":"admin_product_form","route_parameters":{"_controller":"PrestaShopBundle\\Controller\\Admin\\ProductController::formAction","_legacy_controller":"AdminProducts","_legacy_param_mapper_class":"PrestaShop\\PrestaShop\\Adapter\\Product\\AdminProductDataProvider","_legacy_param_mapper_method":"mapLegacyParametersProductForm","id":"19","_route":"admin_product_form"},"request_uri":"http://localhost/danshop/admin623addtdx/index.php/sell/catalog/products/19?_token=u8St3IsabF20gUy3bEOIERpnx1D5-C3SuZOFpX0u_m8","method":"GET"} []
[2019-07-27 11:58:49] security.DEBUG: Read existing security token from the session. {"key":"_security_main","token_class":"Symfony\\Component\\Security\\Core\\Authentication\\Token\\UsernamePasswordToken"} []
[2019-07-27 11:58:49] security.DEBUG: User was reloaded from a user provider. {"provider":"PrestaShopBundle\\Security\\Admin\\EmployeeProvider","username":"gloryayivi@gmail.com"} []
[2019-07-27 11:58:49] app.ERROR: Data from PrestaShop Addons is invalid, and cannot fallback on cache.  {"exception":"cURL error 6: Could not resolve host: api-addons.prestashop.com"} []
[2019-07-27 11:58:49] security.DEBUG: Stored the security token in the session. {"key":"_security_main"} []
[2019-07-27 12:03:30] request.INFO: Matched route "admin_product_form". {"route":"admin_product_form","route_parameters":{"_controller":"PrestaShopBundle\\Controller\\Admin\\ProductController::formAction","_legacy_controller":"AdminProducts","_legacy_param_mapper_class":"PrestaShop\\PrestaShop\\Adapter\\Product\\AdminProductDataProvider","_legacy_param_mapper_method":"mapLegacyParametersProductForm","id":"22","_route":"admin_product_form"},"request_uri":"http://localhost/danshop/admin623addtdx/index.php/sell/catalog/products/22?_token=u8St3IsabF20gUy3bEOIERpnx1D5-C3SuZOFpX0u_m8","method":"GET"} []
[2019-07-27 12:03:30] security.DEBUG: Read existing security token from the session. {"key":"_security_main","token_class":"Symfony\\Component\\Security\\Core\\Authentication\\Token\\UsernamePasswordToken"} []
[2019-07-27 12:03:30] security.DEBUG: User was reloaded from a user provider. {"provider":"PrestaShopBundle\\Security\\Admin\\EmployeeProvider","username":"gloryayivi@gmail.com"} []
[2019-07-27 12:03:30] app.ERROR: Data from PrestaShop Addons is invalid, and cannot fallback on cache.  {"exception":"cURL error 6: Could not resolve host: api-addons.prestashop.com"} []
[2019-07-27 12:03:30] security.DEBUG: Stored the security token in the session. {"key":"_security_main"} []
[2019-07-27 12:04:44] request.INFO: Matched route "admin_product_form". {"route":"admin_product_form","route_parameters":{"_controller":"PrestaShopBundle\\Controller\\Admin\\ProductController::formAction","_legacy_controller":"AdminProducts","_legacy_param_mapper_class":"PrestaShop\\PrestaShop\\Adapter\\Product\\AdminProductDataProvider","_legacy_param_mapper_method":"mapLegacyParametersProductForm","id":"22","_route":"admin_product_form"},"request_uri":"http://localhost/danshop/admin623addtdx/index.php/sell/catalog/products/22?_token=u8St3IsabF20gUy3bEOIERpnx1D5-C3SuZOFpX0u_m8","method":"GET"} []
[2019-07-27 12:04:44] security.DEBUG: Read existing security token from the session. {"key":"_security_main","token_class":"Symfony\\Component\\Security\\Core\\Authentication\\Token\\UsernamePasswordToken"} []
[2019-07-27 12:04:44] security.DEBUG: User was reloaded from a user provider. {"provider":"PrestaShopBundle\\Security\\Admin\\EmployeeProvider","username":"gloryayivi@gmail.com"} []
[2019-07-27 12:04:44] app.ERROR: Data from PrestaShop Addons is invalid, and cannot fallback on cache.  {"exception":"cURL error 6: Could not resolve host: api-addons.prestashop.com"} []
[2019-07-27 12:04:44] security.DEBUG: Stored the security token in the session. {"key":"_security_main"} []
[2019-07-27 12:07:56] request.INFO: Matched route "admin_product_form". {"route":"admin_product_form","route_parameters":{"_controller":"PrestaShopBundle\\Controller\\Admin\\ProductController::formAction","_legacy_controller":"AdminProducts","_legacy_param_mapper_class":"PrestaShop\\PrestaShop\\Adapter\\Product\\AdminProductDataProvider","_legacy_param_mapper_method":"mapLegacyParametersProductForm","id":"19","_route":"admin_product_form"},"request_uri":"http://localhost/danshop/admin623addtdx/index.php/sell/catalog/products/19?_token=u8St3IsabF20gUy3bEOIERpnx1D5-C3SuZOFpX0u_m8","method":"GET"} []
[2019-07-27 12:07:56] security.DEBUG: Read existing security token from the session. {"key":"_security_main","token_class":"Symfony\\Component\\Security\\Core\\Authentication\\Token\\UsernamePasswordToken"} []
[2019-07-27 12:07:56] security.DEBUG: User was reloaded from a user provider. {"provider":"PrestaShopBundle\\Security\\Admin\\EmployeeProvider","username":"gloryayivi@gmail.com"} []
[2019-07-27 12:07:56] app.ERROR: Data from PrestaShop Addons is invalid, and cannot fallback on cache.  {"exception":"cURL error 6: Could not resolve host: api-addons.prestashop.com"} []
[2019-07-27 12:07:56] security.DEBUG: Stored the security token in the session. {"key":"_security_main"} []
[2019-07-27 13:01:58] app.ERROR: Data from PrestaShop Addons is invalid, and cannot fallback on cache.  {"exception":"cURL error 6: Could not resolve host: api-addons.prestashop.com"} []
[2019-07-27 13:43:07] request.INFO: Matched route "admin_product_form". {"route":"admin_product_form","route_parameters":{"_controller":"PrestaShopBundle\\Controller\\Admin\\ProductController::formAction","_legacy_controller":"AdminProducts","_legacy_param_mapper_class":"PrestaShop\\PrestaShop\\Adapter\\Product\\AdminProductDataProvider","_legacy_param_mapper_method":"mapLegacyParametersProductForm","id":"1","_route":"admin_product_form"},"request_uri":"http://localhost/danshop/admin623addtdx/index.php/sell/catalog/products/1?_token=wNGWBLA51QUe0-SHhHRBB4QBaqpjL1wz1z4pp40UQs4","method":"GET"} []
[2019-07-27 13:43:07] security.DEBUG: Read existing security token from the session. {"key":"_security_main","token_class":"Symfony\\Component\\Security\\Core\\Authentication\\Token\\UsernamePasswordToken"} []
[2019-07-27 13:43:07] security.DEBUG: User was reloaded from a user provider. {"provider":"PrestaShopBundle\\Security\\Admin\\EmployeeProvider","username":"gloryayivi@gmail.com"} []
[2019-07-27 13:43:07] app.ERROR: Data from PrestaShop Addons is invalid, and cannot fallback on cache.  {"exception":"cURL error 6: Could not resolve host: api-addons.prestashop.com"} []
[2019-07-27 13:43:07] security.DEBUG: Stored the security token in the session. {"key":"_security_main"} []
[2019-07-27 13:44:43] request.INFO: Matched route "admin_product_form". {"route":"admin_product_form","route_parameters":{"_controller":"PrestaShopBundle\\Controller\\Admin\\ProductController::formAction","_legacy_controller":"AdminProducts","_legacy_param_mapper_class":"PrestaShop\\PrestaShop\\Adapter\\Product\\AdminProductDataProvider","_legacy_param_mapper_method":"mapLegacyParametersProductForm","id":"1","_route":"admin_product_form"},"request_uri":"http://localhost/danshop/admin623addtdx/index.php/sell/catalog/products/1?_token=wNGWBLA51QUe0-SHhHRBB4QBaqpjL1wz1z4pp40UQs4","method":"GET"} []
[2019-07-27 13:44:43] security.DEBUG: Read existing security token from the session. {"key":"_security_main","token_class":"Symfony\\Component\\Security\\Core\\Authentication\\Token\\UsernamePasswordToken"} []
[2019-07-27 13:44:43] security.DEBUG: User was reloaded from a user provider. {"provider":"PrestaShopBundle\\Security\\Admin\\EmployeeProvider","username":"gloryayivi@gmail.com"} []
[2019-07-27 13:44:43] app.ERROR: Data from PrestaShop Addons is invalid, and cannot fallback on cache.  {"exception":"cURL error 6: Could not resolve host: api-addons.prestashop.com"} []
[2019-07-27 13:44:43] security.DEBUG: Stored the security token in the session. {"key":"_security_main"} []
[2019-07-27 13:49:23] request.INFO: Matched route "admin_product_form". {"route":"admin_product_form","route_parameters":{"_controller":"PrestaShopBundle\\Controller\\Admin\\ProductController::formAction","_legacy_controller":"AdminProducts","_legacy_param_mapper_class":"PrestaShop\\PrestaShop\\Adapter\\Product\\AdminProductDataProvider","_legacy_param_mapper_method":"mapLegacyParametersProductForm","id":"24","_route":"admin_product_form"},"request_uri":"http://localhost/danshop/admin623addtdx/index.php/sell/catalog/products/24?_token=wNGWBLA51QUe0-SHhHRBB4QBaqpjL1wz1z4pp40UQs4","method":"GET"} []
[2019-07-27 13:49:23] security.DEBUG: Read existing security token from the session. {"key":"_security_main","token_class":"Symfony\\Component\\Security\\Core\\Authentication\\Token\\UsernamePasswordToken"} []
[2019-07-27 13:49:23] security.DEBUG: User was reloaded from a user provider. {"provider":"PrestaShopBundle\\Security\\Admin\\EmployeeProvider","username":"gloryayivi@gmail.com"} []
[2019-07-27 13:49:23] app.ERROR: Data from PrestaShop Addons is invalid, and cannot fallback on cache.  {"exception":"cURL error 6: Could not resolve host: api-addons.prestashop.com"} []
[2019-07-27 13:49:23] security.DEBUG: Stored the security token in the session. {"key":"_security_main"} []
[2019-07-27 15:26:07] request.INFO: Matched route "admin_module_manage". {"route":"admin_module_manage","route_parameters":{"category":null,"keyword":null,"_controller":"PrestaShopBundle\\Controller\\Admin\\Improve\\ModuleController::manageAction","_legacy_controller":"AdminModulesManage","_legacy_link":["AdminModulesManage","AdminModulesSf"],"_route":"admin_module_manage"},"request_uri":"http://localhost/danshop/admin623addtdx/index.php/improve/modules/manage?_token=wNGWBLA51QUe0-SHhHRBB4QBaqpjL1wz1z4pp40UQs4","method":"GET"} []
[2019-07-27 15:26:07] security.DEBUG: Read existing security token from the session. {"key":"_security_main","token_class":"Symfony\\Component\\Security\\Core\\Authentication\\Token\\UsernamePasswordToken"} []
[2019-07-27 15:26:07] security.DEBUG: User was reloaded from a user provider. {"provider":"PrestaShopBundle\\Security\\Admin\\EmployeeProvider","username":"gloryayivi@gmail.com"} []
[2019-07-27 15:26:07] app.ERROR: Data from PrestaShop Addons is invalid, and cannot fallback on cache.  {"exception":"cURL error 6: Could not resolve host: api-addons.prestashop.com"} []
[2019-07-27 15:26:07] security.DEBUG: Stored the security token in the session. {"key":"_security_main"} []
[2019-07-27 15:26:08] request.INFO: Matched route "admin_module_notification_count". {"route":"admin_module_notification_count","route_parameters":{"_controller":"PrestaShopBundle\\Controller\\Admin\\Improve\\Modules\\AlertsController::notificationsCountAction","_legacy_controller":"AdminModulesNotifications","_legacy_link":"AdminModulesNotifications:count","_route":"admin_module_notification_count"},"request_uri":"http://localhost/danshop/admin623addtdx/index.php/improve/modules/alerts/count?_token=wNGWBLA51QUe0-SHhHRBB4QBaqpjL1wz1z4pp40UQs4","method":"GET"} []
[2019-07-27 15:26:08] security.DEBUG: Read existing security token from the session. {"key":"_security_main","token_class":"Symfony\\Component\\Security\\Core\\Authentication\\Token\\UsernamePasswordToken"} []
[2019-07-27 15:26:08] security.DEBUG: User was reloaded from a user provider. {"provider":"PrestaShopBundle\\Security\\Admin\\EmployeeProvider","username":"gloryayivi@gmail.com"} []
[2019-07-27 15:26:08] app.ERROR: Data from PrestaShop Addons is invalid, and cannot fallback on cache.  {"exception":"cURL error 6: Could not resolve host: api-addons.prestashop.com"} []
[2019-07-27 15:26:08] security.DEBUG: Stored the security token in the session. {"key":"_security_main"} []
[2019-07-27 15:26:52] request.INFO: Matched route "admin_module_configure_action". {"route":"admin_module_configure_action","route_parameters":{"_controller":"PrestaShopBundle\\Controller\\Admin\\Improve\\ModuleController::configureModuleAction","_legacy_controller":"AdminModules","module_name":"ps_sharebuttons","_route":"admin_module_configure_action"},"request_uri":"http://localhost/danshop/admin623addtdx/index.php/improve/modules/manage/action/configure/ps_sharebuttons?_token=wNGWBLA51QUe0-SHhHRBB4QBaqpjL1wz1z4pp40UQs4","method":"GET"} []
[2019-07-27 15:26:52] security.DEBUG: Read existing security token from the session. {"key":"_security_main","token_class":"Symfony\\Component\\Security\\Core\\Authentication\\Token\\UsernamePasswordToken"} []
[2019-07-27 15:26:52] security.DEBUG: User was reloaded from a user provider. {"provider":"PrestaShopBundle\\Security\\Admin\\EmployeeProvider","username":"gloryayivi@gmail.com"} []
[2019-07-27 15:26:52] app.ERROR: Data from PrestaShop Addons is invalid, and cannot fallback on cache.  {"exception":"cURL error 6: Could not resolve host: api-addons.prestashop.com"} []
[2019-07-27 15:26:52] security.DEBUG: Stored the security token in the session. {"key":"_security_main"} []
[2019-07-27 15:26:58] request.INFO: Matched route "admin_module_manage". {"route":"admin_module_manage","route_parameters":{"category":null,"keyword":null,"_controller":"PrestaShopBundle\\Controller\\Admin\\Improve\\ModuleController::manageAction","_legacy_controller":"AdminModulesManage","_legacy_link":["AdminModulesManage","AdminModulesSf"],"_route":"admin_module_manage"},"request_uri":"http://localhost/danshop/admin623addtdx/index.php/improve/modules/manage?_token=wNGWBLA51QUe0-SHhHRBB4QBaqpjL1wz1z4pp40UQs4","method":"GET"} []
[2019-07-27 15:26:58] security.DEBUG: Read existing security token from the session. {"key":"_security_main","token_class":"Symfony\\Component\\Security\\Core\\Authentication\\Token\\UsernamePasswordToken"} []
[2019-07-27 15:26:58] security.DEBUG: User was reloaded from a user provider. {"provider":"PrestaShopBundle\\Security\\Admin\\EmployeeProvider","username":"gloryayivi@gmail.com"} []
[2019-07-27 15:26:58] app.ERROR: Data from PrestaShop Addons is invalid, and cannot fallback on cache.  {"exception":"cURL error 6: Could not resolve host: api-addons.prestashop.com"} []
[2019-07-27 15:26:59] security.DEBUG: Stored the security token in the session. {"key":"_security_main"} []
[2019-07-27 15:26:59] request.INFO: Matched route "admin_module_notification_count". {"route":"admin_module_notification_count","route_parameters":{"_controller":"PrestaShopBundle\\Controller\\Admin\\Improve\\Modules\\AlertsController::notificationsCountAction","_legacy_controller":"AdminModulesNotifications","_legacy_link":"AdminModulesNotifications:count","_route":"admin_module_notification_count"},"request_uri":"http://localhost/danshop/admin623addtdx/index.php/improve/modules/alerts/count?_token=wNGWBLA51QUe0-SHhHRBB4QBaqpjL1wz1z4pp40UQs4","method":"GET"} []
[2019-07-27 15:26:59] security.DEBUG: Read existing security token from the session. {"key":"_security_main","token_class":"Symfony\\Component\\Security\\Core\\Authentication\\Token\\UsernamePasswordToken"} []
[2019-07-27 15:26:59] security.DEBUG: User was reloaded from a user provider. {"provider":"PrestaShopBundle\\Security\\Admin\\EmployeeProvider","username":"gloryayivi@gmail.com"} []
[2019-07-27 15:26:59] app.ERROR: Data from PrestaShop Addons is invalid, and cannot fallback on cache.  {"exception":"cURL error 6: Could not resolve host: api-addons.prestashop.com"} []
[2019-07-27 15:26:59] security.DEBUG: Stored the security token in the session. {"key":"_security_main"} []
[2019-07-27 15:27:11] request.INFO: Matched route "admin_module_configure_action". {"route":"admin_module_configure_action","route_parameters":{"_controller":"PrestaShopBundle\\Controller\\Admin\\Improve\\ModuleController::configureModuleAction","_legacy_controller":"AdminModules","module_name":"ps_sharebuttons","_route":"admin_module_configure_action"},"request_uri":"http://localhost/danshop/admin623addtdx/index.php/improve/modules/manage/action/configure/ps_sharebuttons?_token=wNGWBLA51QUe0-SHhHRBB4QBaqpjL1wz1z4pp40UQs4","method":"GET"} []
[2019-07-27 15:27:11] security.DEBUG: Read existing security token from the session. {"key":"_security_main","token_class":"Symfony\\Component\\Security\\Core\\Authentication\\Token\\UsernamePasswordToken"} []
[2019-07-27 15:27:11] security.DEBUG: User was reloaded from a user provider. {"provider":"PrestaShopBundle\\Security\\Admin\\EmployeeProvider","username":"gloryayivi@gmail.com"} []
[2019-07-27 15:27:11] app.ERROR: Data from PrestaShop Addons is invalid, and cannot fallback on cache.  {"exception":"cURL error 6: Could not resolve host: api-addons.prestashop.com"} []
[2019-07-27 15:27:12] security.DEBUG: Stored the security token in the session. {"key":"_security_main"} []
[2019-07-27 15:27:18] request.INFO: Matched route "admin_module_manage". {"route":"admin_module_manage","route_parameters":{"category":null,"keyword":null,"_controller":"PrestaShopBundle\\Controller\\Admin\\Improve\\ModuleController::manageAction","_legacy_controller":"AdminModulesManage","_legacy_link":["AdminModulesManage","AdminModulesSf"],"_route":"admin_module_manage"},"request_uri":"http://localhost/danshop/admin623addtdx/index.php/improve/modules/manage?_token=wNGWBLA51QUe0-SHhHRBB4QBaqpjL1wz1z4pp40UQs4","method":"GET"} []
[2019-07-27 15:27:18] security.DEBUG: Read existing security token from the session. {"key":"_security_main","token_class":"Symfony\\Component\\Security\\Core\\Authentication\\Token\\UsernamePasswordToken"} []
[2019-07-27 15:27:18] security.DEBUG: User was reloaded from a user provider. {"provider":"PrestaShopBundle\\Security\\Admin\\EmployeeProvider","username":"gloryayivi@gmail.com"} []
[2019-07-27 15:27:18] app.ERROR: Data from PrestaShop Addons is invalid, and cannot fallback on cache.  {"exception":"cURL error 6: Could not resolve host: api-addons.prestashop.com"} []
[2019-07-27 15:27:18] security.DEBUG: Stored the security token in the session. {"key":"_security_main"} []
[2019-07-27 15:27:19] request.INFO: Matched route "admin_module_notification_count". {"route":"admin_module_notification_count","route_parameters":{"_controller":"PrestaShopBundle\\Controller\\Admin\\Improve\\Modules\\AlertsController::notificationsCountAction","_legacy_controller":"AdminModulesNotifications","_legacy_link":"AdminModulesNotifications:count","_route":"admin_module_notification_count"},"request_uri":"http://localhost/danshop/admin623addtdx/index.php/improve/modules/alerts/count?_token=wNGWBLA51QUe0-SHhHRBB4QBaqpjL1wz1z4pp40UQs4","method":"GET"} []
[2019-07-27 15:27:19] security.DEBUG: Read existing security token from the session. {"key":"_security_main","token_class":"Symfony\\Component\\Security\\Core\\Authentication\\Token\\UsernamePasswordToken"} []
[2019-07-27 15:27:19] security.DEBUG: User was reloaded from a user provider. {"provider":"PrestaShopBundle\\Security\\Admin\\EmployeeProvider","username":"gloryayivi@gmail.com"} []
[2019-07-27 15:27:19] app.ERROR: Data from PrestaShop Addons is invalid, and cannot fallback on cache.  {"exception":"cURL error 6: Could not resolve host: api-addons.prestashop.com"} []
[2019-07-27 15:27:19] security.DEBUG: Stored the security token in the session. {"key":"_security_main"} []
[2019-07-27 15:27:41] request.INFO: Matched route "admin_module_manage". {"route":"admin_module_manage","route_parameters":{"category":null,"keyword":null,"_controller":"PrestaShopBundle\\Controller\\Admin\\Improve\\ModuleController::manageAction","_legacy_controller":"AdminModulesManage","_legacy_link":["AdminModulesManage","AdminModulesSf"],"_route":"admin_module_manage"},"request_uri":"http://localhost/danshop/admin623addtdx/index.php/improve/modules/manage?_token=wNGWBLA51QUe0-SHhHRBB4QBaqpjL1wz1z4pp40UQs4","method":"GET"} []
[2019-07-27 15:27:41] security.DEBUG: Read existing security token from the session. {"key":"_security_main","token_class":"Symfony\\Component\\Security\\Core\\Authentication\\Token\\UsernamePasswordToken"} []
[2019-07-27 15:27:41] security.DEBUG: User was reloaded from a user provider. {"provider":"PrestaShopBundle\\Security\\Admin\\EmployeeProvider","username":"gloryayivi@gmail.com"} []
[2019-07-27 15:27:41] app.ERROR: Data from PrestaShop Addons is invalid, and cannot fallback on cache.  {"exception":"cURL error 6: Could not resolve host: api-addons.prestashop.com"} []
[2019-07-27 15:27:42] security.DEBUG: Stored the security token in the session. {"key":"_security_main"} []
[2019-07-27 15:27:42] request.INFO: Matched route "admin_module_notification_count". {"route":"admin_module_notification_count","route_parameters":{"_controller":"PrestaShopBundle\\Controller\\Admin\\Improve\\Modules\\AlertsController::notificationsCountAction","_legacy_controller":"AdminModulesNotifications","_legacy_link":"AdminModulesNotifications:count","_route":"admin_module_notification_count"},"request_uri":"http://localhost/danshop/admin623addtdx/index.php/improve/modules/alerts/count?_token=wNGWBLA51QUe0-SHhHRBB4QBaqpjL1wz1z4pp40UQs4","method":"GET"} []
[2019-07-27 15:27:42] security.DEBUG: Read existing security token from the session. {"key":"_security_main","token_class":"Symfony\\Component\\Security\\Core\\Authentication\\Token\\UsernamePasswordToken"} []
[2019-07-27 15:27:42] security.DEBUG: User was reloaded from a user provider. {"provider":"PrestaShopBundle\\Security\\Admin\\EmployeeProvider","username":"gloryayivi@gmail.com"} []
[2019-07-27 15:27:42] app.ERROR: Data from PrestaShop Addons is invalid, and cannot fallback on cache.  {"exception":"cURL error 6: Could not resolve host: api-addons.prestashop.com"} []
[2019-07-27 15:27:42] security.DEBUG: Stored the security token in the session. {"key":"_security_main"} []
[2019-07-27 15:27:45] request.INFO: Matched route "admin_module_notification". {"route":"admin_module_notification","route_parameters":{"_controller":"PrestaShopBundle\\Controller\\Admin\\Improve\\Modules\\AlertsController::indexAction","_legacy_controller":"AdminModulesNotifications","_legacy_link":"AdminModulesNotifications","_route":"admin_module_notification"},"request_uri":"http://localhost/danshop/admin623addtdx/index.php/improve/modules/alerts?_token=wNGWBLA51QUe0-SHhHRBB4QBaqpjL1wz1z4pp40UQs4","method":"GET"} []
[2019-07-27 15:27:45] security.DEBUG: Read existing security token from the session. {"key":"_security_main","token_class":"Symfony\\Component\\Security\\Core\\Authentication\\Token\\UsernamePasswordToken"} []
[2019-07-27 15:27:45] security.DEBUG: User was reloaded from a user provider. {"provider":"PrestaShopBundle\\Security\\Admin\\EmployeeProvider","username":"gloryayivi@gmail.com"} []
[2019-07-27 15:27:45] app.ERROR: Data from PrestaShop Addons is invalid, and cannot fallback on cache.  {"exception":"cURL error 6: Could not resolve host: api-addons.prestashop.com"} []
[2019-07-27 15:27:45] security.DEBUG: Stored the security token in the session. {"key":"_security_main"} []
[2019-07-27 15:27:46] request.INFO: Matched route "admin_module_notification_count". {"route":"admin_module_notification_count","route_parameters":{"_controller":"PrestaShopBundle\\Controller\\Admin\\Improve\\Modules\\AlertsController::notificationsCountAction","_legacy_controller":"AdminModulesNotifications","_legacy_link":"AdminModulesNotifications:count","_route":"admin_module_notification_count"},"request_uri":"http://localhost/danshop/admin623addtdx/index.php/improve/modules/alerts/count?_token=wNGWBLA51QUe0-SHhHRBB4QBaqpjL1wz1z4pp40UQs4","method":"GET"} []
[2019-07-27 15:27:46] security.DEBUG: Read existing security token from the session. {"key":"_security_main","token_class":"Symfony\\Component\\Security\\Core\\Authentication\\Token\\UsernamePasswordToken"} []
[2019-07-27 15:27:46] security.DEBUG: User was reloaded from a user provider. {"provider":"PrestaShopBundle\\Security\\Admin\\EmployeeProvider","username":"gloryayivi@gmail.com"} []
[2019-07-27 15:27:46] app.ERROR: Data from PrestaShop Addons is invalid, and cannot fallback on cache.  {"exception":"cURL error 6: Could not resolve host: api-addons.prestashop.com"} []
[2019-07-27 15:27:46] security.DEBUG: Stored the security token in the session. {"key":"_security_main"} []
[2019-07-27 15:30:07] request.INFO: Matched route "admin_module_configure_action". {"route":"admin_module_configure_action","route_parameters":{"_controller":"PrestaShopBundle\\Controller\\Admin\\Improve\\ModuleController::configureModuleAction","_legacy_controller":"AdminModules","module_name":"ps_checkpayment","_route":"admin_module_configure_action"},"request_uri":"http://localhost/danshop/admin623addtdx/index.php/improve/modules/manage/action/configure/ps_checkpayment?_token=wNGWBLA51QUe0-SHhHRBB4QBaqpjL1wz1z4pp40UQs4","method":"GET"} []
[2019-07-27 15:30:07] security.DEBUG: Read existing security token from the session. {"key":"_security_main","token_class":"Symfony\\Component\\Security\\Core\\Authentication\\Token\\UsernamePasswordToken"} []
[2019-07-27 15:30:07] security.DEBUG: User was reloaded from a user provider. {"provider":"PrestaShopBundle\\Security\\Admin\\EmployeeProvider","username":"gloryayivi@gmail.com"} []
[2019-07-27 15:30:07] app.ERROR: Data from PrestaShop Addons is invalid, and cannot fallback on cache.  {"exception":"cURL error 6: Could not resolve host: api-addons.prestashop.com"} []
[2019-07-27 15:30:07] security.DEBUG: Stored the security token in the session. {"key":"_security_main"} []
[2019-07-27 16:13:01] request.INFO: Matched route "admin_module_manage". {"route":"admin_module_manage","route_parameters":{"category":null,"keyword":null,"_controller":"PrestaShopBundle\\Controller\\Admin\\Improve\\ModuleController::manageAction","_legacy_controller":"AdminModulesManage","_legacy_link":["AdminModulesManage","AdminModulesSf"],"_route":"admin_module_manage"},"request_uri":"http://localhost/danshop/admin623addtdx/index.php/improve/modules/manage?_token=A0eMQ6PS68QnWzqBHOLde5Ue4n5f36UzeqeSHkQM8tg","method":"GET"} []
[2019-07-27 16:13:01] security.INFO: Populated the TokenStorage with an anonymous Token. [] []
[2019-07-27 16:13:01] app.ERROR: Data from PrestaShop Addons is invalid, and cannot fallback on cache.  {"exception":"cURL error 6: Could not resolve host: api-addons.prestashop.com"} []
[2019-07-27 16:13:01] security.DEBUG: Stored the security token in the session. {"key":"_security_main"} []
[2019-07-27 16:13:02] request.INFO: Matched route "admin_module_notification_count". {"route":"admin_module_notification_count","route_parameters":{"_controller":"PrestaShopBundle\\Controller\\Admin\\Improve\\Modules\\AlertsController::notificationsCountAction","_legacy_controller":"AdminModulesNotifications","_legacy_link":"AdminModulesNotifications:count","_route":"admin_module_notification_count"},"request_uri":"http://localhost/danshop/admin623addtdx/index.php/improve/modules/alerts/count?_token=A0eMQ6PS68QnWzqBHOLde5Ue4n5f36UzeqeSHkQM8tg","method":"GET"} []
[2019-07-27 16:13:02] security.DEBUG: Read existing security token from the session. {"key":"_security_main","token_class":"Symfony\\Component\\Security\\Core\\Authentication\\Token\\UsernamePasswordToken"} []
[2019-07-27 16:13:02] security.DEBUG: User was reloaded from a user provider. {"provider":"PrestaShopBundle\\Security\\Admin\\EmployeeProvider","username":"gloryayivi@gmail.com"} []
[2019-07-27 16:13:02] app.ERROR: Data from PrestaShop Addons is invalid, and cannot fallback on cache.  {"exception":"cURL error 6: Could not resolve host: api-addons.prestashop.com"} []
[2019-07-27 16:13:02] security.DEBUG: Stored the security token in the session. {"key":"_security_main"} []
[2019-07-27 17:01:30] request.INFO: Matched route "admin_module_manage". {"route":"admin_module_manage","route_parameters":{"category":null,"keyword":null,"_controller":"PrestaShopBundle\\Controller\\Admin\\Improve\\ModuleController::manageAction","_legacy_controller":"AdminModulesManage","_legacy_link":["AdminModulesManage","AdminModulesSf"],"_route":"admin_module_manage"},"request_uri":"http://localhost/danshop/admin623addtdx/index.php/improve/modules/manage?_token=A0eMQ6PS68QnWzqBHOLde5Ue4n5f36UzeqeSHkQM8tg","method":"GET"} []
[2019-07-27 17:01:30] security.DEBUG: Read existing security token from the session. {"key":"_security_main","token_class":"Symfony\\Component\\Security\\Core\\Authentication\\Token\\UsernamePasswordToken"} []
[2019-07-27 17:01:30] security.DEBUG: User was reloaded from a user provider. {"provider":"PrestaShopBundle\\Security\\Admin\\EmployeeProvider","username":"gloryayivi@gmail.com"} []
[2019-07-27 17:01:30] app.ERROR: Data from PrestaShop Addons is invalid, and cannot fallback on cache.  {"exception":"cURL error 6: Could not resolve host: api-addons.prestashop.com"} []
[2019-07-27 17:01:31] security.DEBUG: Stored the security token in the session. {"key":"_security_main"} []
[2019-07-27 17:01:32] request.INFO: Matched route "admin_module_notification_count". {"route":"admin_module_notification_count","route_parameters":{"_controller":"PrestaShopBundle\\Controller\\Admin\\Improve\\Modules\\AlertsController::notificationsCountAction","_legacy_controller":"AdminModulesNotifications","_legacy_link":"AdminModulesNotifications:count","_route":"admin_module_notification_count"},"request_uri":"http://localhost/danshop/admin623addtdx/index.php/improve/modules/alerts/count?_token=A0eMQ6PS68QnWzqBHOLde5Ue4n5f36UzeqeSHkQM8tg","method":"GET"} []
[2019-07-27 17:01:32] security.DEBUG: Read existing security token from the session. {"key":"_security_main","token_class":"Symfony\\Component\\Security\\Core\\Authentication\\Token\\UsernamePasswordToken"} []
[2019-07-27 17:01:32] security.DEBUG: User was reloaded from a user provider. {"provider":"PrestaShopBundle\\Security\\Admin\\EmployeeProvider","username":"gloryayivi@gmail.com"} []
[2019-07-27 17:01:32] app.ERROR: Data from PrestaShop Addons is invalid, and cannot fallback on cache.  {"exception":"cURL error 6: Could not resolve host: api-addons.prestashop.com"} []
[2019-07-27 17:01:32] security.DEBUG: Stored the security token in the session. {"key":"_security_main"} []
[2019-07-27 21:22:37] request.INFO: Matched route "admin_module_manage_action". {"route":"admin_module_manage_action","route_parameters":{"_controller":"PrestaShopBundle\\Controller\\Admin\\Improve\\ModuleController::moduleAction","action":"upgrade","module_name":"ps_linklist","_route":"admin_module_manage_action"},"request_uri":"http://localhost/danshop/admin623addtdx/index.php/improve/modules/manage/action/upgrade/ps_linklist?_token=A0eMQ6PS68QnWzqBHOLde5Ue4n5f36UzeqeSHkQM8tg","method":"POST"} []
[2019-07-27 21:22:39] security.DEBUG: Read existing security token from the session. {"key":"_security_main","token_class":"Symfony\\Component\\Security\\Core\\Authentication\\Token\\UsernamePasswordToken"} []
[2019-07-27 21:22:39] security.DEBUG: User was reloaded from a user provider. {"provider":"PrestaShopBundle\\Security\\Admin\\EmployeeProvider","username":"gloryayivi@gmail.com"} []
[2019-07-27 21:22:39] app.ERROR: Exception retournée par le module ps_linklist pour upgrade. Error sent by Addons. You may need to be logged. [] []
[2019-07-27 21:22:39] security.DEBUG: Stored the security token in the session. {"key":"_security_main"} []
[2019-07-27 21:22:38] request.INFO: Matched route "admin_module_manage_action". {"route":"admin_module_manage_action","route_parameters":{"_controller":"PrestaShopBundle\\Controller\\Admin\\Improve\\ModuleController::moduleAction","action":"upgrade","module_name":"graphnvd3","_route":"admin_module_manage_action"},"request_uri":"http://localhost/danshop/admin623addtdx/index.php/improve/modules/manage/action/upgrade/graphnvd3?_token=A0eMQ6PS68QnWzqBHOLde5Ue4n5f36UzeqeSHkQM8tg","method":"POST"} []
[2019-07-27 21:22:44] security.DEBUG: Read existing security token from the session. {"key":"_security_main","token_class":"Symfony\\Component\\Security\\Core\\Authentication\\Token\\UsernamePasswordToken"} []
[2019-07-27 21:22:44] security.DEBUG: User was reloaded from a user provider. {"provider":"PrestaShopBundle\\Security\\Admin\\EmployeeProvider","username":"gloryayivi@gmail.com"} []
[2019-07-27 21:22:50] request.CRITICAL: Uncaught PHP Exception Symfony\Component\Debug\Exception\FatalErrorException: "Compile Error: require(): Failed opening required '/var/www/html/danshop/var/cache/prod/ContainerBupke3s/getPrestashop_Adapter_Module_Prestatrust_EventsubscriberService.php' (include_path='/var/www/html/danshop/vendor/pear/pear_exception:/var/www/html/danshop/vendor/pear/console_getopt:/var/www/html/danshop/vendor/pear/pear-core-minimal/src:/var/www/html/danshop/vendor/pear/archive_tar:.:/usr/share/php')" at /var/www/html/danshop/var/cache/prod/ContainerBupke3s/appProdProjectContainer.php line 1136 {"exception":"[object] (Symfony\\Component\\Debug\\Exception\\FatalErrorException(code: 0): Compile Error: require(): Failed opening required '/var/www/html/danshop/var/cache/prod/ContainerBupke3s/getPrestashop_Adapter_Module_Prestatrust_EventsubscriberService.php' (include_path='/var/www/html/danshop/vendor/pear/pear_exception:/var/www/html/danshop/vendor/pear/console_getopt:/var/www/html/danshop/vendor/pear/pear-core-minimal/src:/var/www/html/danshop/vendor/pear/archive_tar:.:/usr/share/php') at /var/www/html/danshop/var/cache/prod/ContainerBupke3s/appProdProjectContainer.php:1136)"} []
[2019-07-27 21:22:39] request.INFO: Matched route "admin_module_manage_action". {"route":"admin_module_manage_action","route_parameters":{"_controller":"PrestaShopBundle\\Controller\\Admin\\Improve\\ModuleController::moduleAction","action":"upgrade","module_name":"ps_legalcompliance","_route":"admin_module_manage_action"},"request_uri":"http://localhost/danshop/admin623addtdx/index.php/improve/modules/manage/action/upgrade/ps_legalcompliance?_token=A0eMQ6PS68QnWzqBHOLde5Ue4n5f36UzeqeSHkQM8tg","method":"POST"} []
[2019-07-27 21:22:50] security.DEBUG: Read existing security token from the session. {"key":"_security_main","token_class":"Symfony\\Component\\Security\\Core\\Authentication\\Token\\UsernamePasswordToken"} []
[2019-07-27 21:22:50] security.DEBUG: User was reloaded from a user provider. {"provider":"PrestaShopBundle\\Security\\Admin\\EmployeeProvider","username":"gloryayivi@gmail.com"} []
[2019-07-27 21:22:51] request.CRITICAL: Uncaught PHP Exception Symfony\Component\Debug\Exception\FatalErrorException: "Compile Error: require(): Failed opening required '/var/www/html/danshop/var/cache/prod/ContainerBupke3s/getPrestashop_Adapter_Module_Prestatrust_EventsubscriberService.php' (include_path='/var/www/html/danshop/vendor/pear/pear_exception:/var/www/html/danshop/vendor/pear/console_getopt:/var/www/html/danshop/vendor/pear/pear-core-minimal/src:/var/www/html/danshop/vendor/pear/archive_tar:.:/usr/share/php')" at /var/www/html/danshop/var/cache/prod/ContainerBupke3s/appProdProjectContainer.php line 1136 {"exception":"[object] (Symfony\\Component\\Debug\\Exception\\FatalErrorException(code: 0): Compile Error: require(): Failed opening required '/var/www/html/danshop/var/cache/prod/ContainerBupke3s/getPrestashop_Adapter_Module_Prestatrust_EventsubscriberService.php' (include_path='/var/www/html/danshop/vendor/pear/pear_exception:/var/www/html/danshop/vendor/pear/console_getopt:/var/www/html/danshop/vendor/pear/pear-core-minimal/src:/var/www/html/danshop/vendor/pear/archive_tar:.:/usr/share/php') at /var/www/html/danshop/var/cache/prod/ContainerBupke3s/appProdProjectContainer.php:1136)"} []
[2019-07-28 13:46:34] request.INFO: Matched route "admin_payment_methods". {"route":"admin_payment_methods","route_parameters":{"_controller":"PrestaShopBundle\\Controller\\Admin\\Improve\\Payment\\PaymentMethodsController::indexAction","_legacy_controller":"AdminPayment","_legacy_link":"AdminPayment","_route":"admin_payment_methods"},"request_uri":"http://localhost/danshop/admin623addtdx/index.php/improve/payment/payment_methods?_token=0VlEIli96wL6AMI6g2pTtujP4CuauOkBxLnWJfvdwjg","method":"GET"} []
[2019-07-28 13:46:34] security.INFO: Populated the TokenStorage with an anonymous Token. [] []
[2019-07-28 13:46:34] app.ERROR: Data from PrestaShop Addons is invalid, and cannot fallback on cache.  {"exception":"cURL error 6: Could not resolve host: api-addons.prestashop.com"} []
[2019-07-28 13:46:34] security.DEBUG: Stored the security token in the session. {"key":"_security_main"} []
[2019-07-28 13:46:55] request.INFO: Matched route "admin_module_configure_action". {"route":"admin_module_configure_action","route_parameters":{"_controller":"PrestaShopBundle\\Controller\\Admin\\Improve\\ModuleController::configureModuleAction","_legacy_controller":"AdminModules","module_name":"paypal","_route":"admin_module_configure_action"},"request_uri":"http://localhost/danshop/admin623addtdx/index.php/improve/modules/manage/action/configure/paypal?_token=0VlEIli96wL6AMI6g2pTtujP4CuauOkBxLnWJfvdwjg","method":"GET"} []
[2019-07-28 13:46:55] security.DEBUG: Read existing security token from the session. {"key":"_security_main","token_class":"Symfony\\Component\\Security\\Core\\Authentication\\Token\\UsernamePasswordToken"} []
[2019-07-28 13:46:55] security.DEBUG: User was reloaded from a user provider. {"provider":"PrestaShopBundle\\Security\\Admin\\EmployeeProvider","username":"gloryayivi@gmail.com"} []
[2019-07-28 13:46:55] app.ERROR: Data from PrestaShop Addons is invalid, and cannot fallback on cache.  {"exception":"cURL error 6: Could not resolve host: api-addons.prestashop.com"} []
[2019-07-28 13:46:56] security.DEBUG: Stored the security token in the session. {"key":"_security_main"} []
[2019-07-28 13:55:25] app.ERROR: Data from PrestaShop Addons is invalid, and cannot fallback on cache.  {"exception":"cURL error 6: Could not resolve host: api-addons.prestashop.com"} []
[2019-07-28 13:55:33] request.INFO: Matched route "admin_module_manage". {"route":"admin_module_manage","route_parameters":{"category":null,"keyword":null,"_controller":"PrestaShopBundle\\Controller\\Admin\\Improve\\ModuleController::manageAction","_legacy_controller":"AdminModulesManage","_legacy_link":["AdminModulesManage","AdminModulesSf"],"_route":"admin_module_manage"},"request_uri":"http://localhost/danshop/admin623addtdx/index.php/improve/modules/manage?_token=0VlEIli96wL6AMI6g2pTtujP4CuauOkBxLnWJfvdwjg","method":"GET"} []
[2019-07-28 13:55:33] security.DEBUG: Read existing security token from the session. {"key":"_security_main","token_class":"Symfony\\Component\\Security\\Core\\Authentication\\Token\\UsernamePasswordToken"} []
[2019-07-28 13:55:33] security.DEBUG: User was reloaded from a user provider. {"provider":"PrestaShopBundle\\Security\\Admin\\EmployeeProvider","username":"gloryayivi@gmail.com"} []
[2019-07-28 13:55:33] app.ERROR: Data from PrestaShop Addons is invalid, and cannot fallback on cache.  {"exception":"cURL error 6: Could not resolve host: api-addons.prestashop.com"} []
[2019-07-28 13:55:33] security.DEBUG: Stored the security token in the session. {"key":"_security_main"} []
[2019-07-28 13:55:35] request.INFO: Matched route "admin_module_notification_count". {"route":"admin_module_notification_count","route_parameters":{"_controller":"PrestaShopBundle\\Controller\\Admin\\Improve\\Modules\\AlertsController::notificationsCountAction","_legacy_controller":"AdminModulesNotifications","_legacy_link":"AdminModulesNotifications:count","_route":"admin_module_notification_count"},"request_uri":"http://localhost/danshop/admin623addtdx/index.php/improve/modules/alerts/count?_token=0VlEIli96wL6AMI6g2pTtujP4CuauOkBxLnWJfvdwjg","method":"GET"} []
[2019-07-28 13:55:35] security.DEBUG: Read existing security token from the session. {"key":"_security_main","token_class":"Symfony\\Component\\Security\\Core\\Authentication\\Token\\UsernamePasswordToken"} []
[2019-07-28 13:55:35] security.DEBUG: User was reloaded from a user provider. {"provider":"PrestaShopBundle\\Security\\Admin\\EmployeeProvider","username":"gloryayivi@gmail.com"} []
[2019-07-28 13:55:35] app.ERROR: Data from PrestaShop Addons is invalid, and cannot fallback on cache.  {"exception":"cURL error 6: Could not resolve host: api-addons.prestashop.com"} []
[2019-07-28 13:55:35] security.DEBUG: Stored the security token in the session. {"key":"_security_main"} []
[2019-07-28 13:59:03] request.INFO: Matched route "admin_module_manage". {"route":"admin_module_manage","route_parameters":{"category":null,"keyword":null,"_controller":"PrestaShopBundle\\Controller\\Admin\\Improve\\ModuleController::manageAction","_legacy_controller":"AdminModulesManage","_legacy_link":["AdminModulesManage","AdminModulesSf"],"_route":"admin_module_manage"},"request_uri":"http://localhost/danshop/admin623addtdx/index.php/improve/modules/manage?_token=FoBY6f7xhxI41Ixo7haoVQtKEnJ-WKraLRRZuwXjok0","method":"GET"} []
[2019-07-28 13:59:03] security.DEBUG: Read existing security token from the session. {"key":"_security_main","token_class":"Symfony\\Component\\Security\\Core\\Authentication\\Token\\UsernamePasswordToken"} []
[2019-07-28 13:59:03] security.DEBUG: User was reloaded from a user provider. {"provider":"PrestaShopBundle\\Security\\Admin\\EmployeeProvider","username":"gloryayivi@gmail.com"} []
[2019-07-28 13:59:03] app.ERROR: Data from PrestaShop Addons is invalid, and cannot fallback on cache.  {"exception":"cURL error 6: Could not resolve host: api-addons.prestashop.com"} []
[2019-07-28 13:59:04] security.DEBUG: Stored the security token in the session. {"key":"_security_main"} []
[2019-07-28 13:59:05] request.INFO: Matched route "admin_module_notification_count". {"route":"admin_module_notification_count","route_parameters":{"_controller":"PrestaShopBundle\\Controller\\Admin\\Improve\\Modules\\AlertsController::notificationsCountAction","_legacy_controller":"AdminModulesNotifications","_legacy_link":"AdminModulesNotifications:count","_route":"admin_module_notification_count"},"request_uri":"http://localhost/danshop/admin623addtdx/index.php/improve/modules/alerts/count?_token=FoBY6f7xhxI41Ixo7haoVQtKEnJ-WKraLRRZuwXjok0","method":"GET"} []
[2019-07-28 13:59:05] security.DEBUG: Read existing security token from the session. {"key":"_security_main","token_class":"Symfony\\Component\\Security\\Core\\Authentication\\Token\\UsernamePasswordToken"} []
[2019-07-28 13:59:05] security.DEBUG: User was reloaded from a user provider. {"provider":"PrestaShopBundle\\Security\\Admin\\EmployeeProvider","username":"gloryayivi@gmail.com"} []
[2019-07-28 13:59:05] app.ERROR: Data from PrestaShop Addons is invalid, and cannot fallback on cache.  {"exception":"cURL error 6: Could not resolve host: api-addons.prestashop.com"} []
[2019-07-28 13:59:05] security.DEBUG: Stored the security token in the session. {"key":"_security_main"} []
[2019-07-28 13:59:26] request.INFO: Matched route "admin_module_configure_action". {"route":"admin_module_configure_action","route_parameters":{"_controller":"PrestaShopBundle\\Controller\\Admin\\Improve\\ModuleController::configureModuleAction","_legacy_controller":"AdminModules","module_name":"ps_specials","_route":"admin_module_configure_action"},"request_uri":"http://localhost/danshop/admin623addtdx/index.php/improve/modules/manage/action/configure/ps_specials?_token=FoBY6f7xhxI41Ixo7haoVQtKEnJ-WKraLRRZuwXjok0","method":"GET"} []
[2019-07-28 13:59:26] security.DEBUG: Read existing security token from the session. {"key":"_security_main","token_class":"Symfony\\Component\\Security\\Core\\Authentication\\Token\\UsernamePasswordToken"} []
[2019-07-28 13:59:26] security.DEBUG: User was reloaded from a user provider. {"provider":"PrestaShopBundle\\Security\\Admin\\EmployeeProvider","username":"gloryayivi@gmail.com"} []
[2019-07-28 13:59:26] app.ERROR: Data from PrestaShop Addons is invalid, and cannot fallback on cache.  {"exception":"cURL error 6: Could not resolve host: api-addons.prestashop.com"} []
[2019-07-28 13:59:26] security.DEBUG: Stored the security token in the session. {"key":"_security_main"} []
[2019-07-28 13:59:41] request.INFO: Matched route "admin_module_manage". {"route":"admin_module_manage","route_parameters":{"category":null,"keyword":null,"_controller":"PrestaShopBundle\\Controller\\Admin\\Improve\\ModuleController::manageAction","_legacy_controller":"AdminModulesManage","_legacy_link":["AdminModulesManage","AdminModulesSf"],"_route":"admin_module_manage"},"request_uri":"http://localhost/danshop/admin623addtdx/index.php/improve/modules/manage?_token=FoBY6f7xhxI41Ixo7haoVQtKEnJ-WKraLRRZuwXjok0","method":"GET"} []
[2019-07-28 13:59:41] security.DEBUG: Read existing security token from the session. {"key":"_security_main","token_class":"Symfony\\Component\\Security\\Core\\Authentication\\Token\\UsernamePasswordToken"} []
[2019-07-28 13:59:41] security.DEBUG: User was reloaded from a user provider. {"provider":"PrestaShopBundle\\Security\\Admin\\EmployeeProvider","username":"gloryayivi@gmail.com"} []
[2019-07-28 13:59:41] app.ERROR: Data from PrestaShop Addons is invalid, and cannot fallback on cache.  {"exception":"cURL error 6: Could not resolve host: api-addons.prestashop.com"} []
[2019-07-28 13:59:41] security.DEBUG: Stored the security token in the session. {"key":"_security_main"} []
[2019-07-28 13:59:42] request.INFO: Matched route "admin_module_notification_count". {"route":"admin_module_notification_count","route_parameters":{"_controller":"PrestaShopBundle\\Controller\\Admin\\Improve\\Modules\\AlertsController::notificationsCountAction","_legacy_controller":"AdminModulesNotifications","_legacy_link":"AdminModulesNotifications:count","_route":"admin_module_notification_count"},"request_uri":"http://localhost/danshop/admin623addtdx/index.php/improve/modules/alerts/count?_token=FoBY6f7xhxI41Ixo7haoVQtKEnJ-WKraLRRZuwXjok0","method":"GET"} []
[2019-07-28 13:59:42] security.DEBUG: Read existing security token from the session. {"key":"_security_main","token_class":"Symfony\\Component\\Security\\Core\\Authentication\\Token\\UsernamePasswordToken"} []
[2019-07-28 13:59:42] security.DEBUG: User was reloaded from a user provider. {"provider":"PrestaShopBundle\\Security\\Admin\\EmployeeProvider","username":"gloryayivi@gmail.com"} []
[2019-07-28 13:59:42] app.ERROR: Data from PrestaShop Addons is invalid, and cannot fallback on cache.  {"exception":"cURL error 6: Could not resolve host: api-addons.prestashop.com"} []
[2019-07-28 13:59:43] security.DEBUG: Stored the security token in the session. {"key":"_security_main"} []
[2019-07-28 13:59:49] request.INFO: Matched route "admin_module_configure_action". {"route":"admin_module_configure_action","route_parameters":{"_controller":"PrestaShopBundle\\Controller\\Admin\\Improve\\ModuleController::configureModuleAction","_legacy_controller":"AdminModules","module_name":"blockreassurance","_route":"admin_module_configure_action"},"request_uri":"http://localhost/danshop/admin623addtdx/index.php/improve/modules/manage/action/configure/blockreassurance?_token=FoBY6f7xhxI41Ixo7haoVQtKEnJ-WKraLRRZuwXjok0","method":"GET"} []
[2019-07-28 13:59:49] security.DEBUG: Read existing security token from the session. {"key":"_security_main","token_class":"Symfony\\Component\\Security\\Core\\Authentication\\Token\\UsernamePasswordToken"} []
[2019-07-28 13:59:49] security.DEBUG: User was reloaded from a user provider. {"provider":"PrestaShopBundle\\Security\\Admin\\EmployeeProvider","username":"gloryayivi@gmail.com"} []
[2019-07-28 13:59:49] app.ERROR: Data from PrestaShop Addons is invalid, and cannot fallback on cache.  {"exception":"cURL error 6: Could not resolve host: api-addons.prestashop.com"} []
[2019-07-28 13:59:49] security.DEBUG: Stored the security token in the session. {"key":"_security_main"} []
[2019-07-28 14:59:34] request.INFO: Matched route "admin_module_manage". {"route":"admin_module_manage","route_parameters":{"category":null,"keyword":null,"_controller":"PrestaShopBundle\\Controller\\Admin\\Improve\\ModuleController::manageAction","_legacy_controller":"AdminModulesManage","_legacy_link":["AdminModulesManage","AdminModulesSf"],"_route":"admin_module_manage"},"request_uri":"http://localhost/danshop/admin623addtdx/index.php/improve/modules/manage?_token=MuSrlLc4u1a4_t6UB3BgyMV8kS7K9GD0OBTjmxcsLXc","method":"GET"} []
[2019-07-28 14:59:34] security.DEBUG: Read existing security token from the session. {"key":"_security_main","token_class":"Symfony\\Component\\Security\\Core\\Authentication\\Token\\UsernamePasswordToken"} []
[2019-07-28 14:59:34] security.DEBUG: User was reloaded from a user provider. {"provider":"PrestaShopBundle\\Security\\Admin\\EmployeeProvider","username":"gloryayivi@gmail.com"} []
[2019-07-28 14:59:34] app.ERROR: Data from PrestaShop Addons is invalid, and cannot fallback on cache.  {"exception":"cURL error 6: Could not resolve host: api-addons.prestashop.com"} []
[2019-07-28 14:59:35] security.DEBUG: Stored the security token in the session. {"key":"_security_main"} []
[2019-07-28 14:59:36] request.INFO: Matched route "admin_module_notification_count". {"route":"admin_module_notification_count","route_parameters":{"_controller":"PrestaShopBundle\\Controller\\Admin\\Improve\\Modules\\AlertsController::notificationsCountAction","_legacy_controller":"AdminModulesNotifications","_legacy_link":"AdminModulesNotifications:count","_route":"admin_module_notification_count"},"request_uri":"http://localhost/danshop/admin623addtdx/index.php/improve/modules/alerts/count?_token=MuSrlLc4u1a4_t6UB3BgyMV8kS7K9GD0OBTjmxcsLXc","method":"GET"} []
[2019-07-28 14:59:36] security.DEBUG: Read existing security token from the session. {"key":"_security_main","token_class":"Symfony\\Component\\Security\\Core\\Authentication\\Token\\UsernamePasswordToken"} []
[2019-07-28 14:59:36] security.DEBUG: User was reloaded from a user provider. {"provider":"PrestaShopBundle\\Security\\Admin\\EmployeeProvider","username":"gloryayivi@gmail.com"} []
[2019-07-28 14:59:36] app.ERROR: Data from PrestaShop Addons is invalid, and cannot fallback on cache.  {"exception":"cURL error 6: Could not resolve host: api-addons.prestashop.com"} []
[2019-07-28 14:59:36] security.DEBUG: Stored the security token in the session. {"key":"_security_main"} []
[2019-07-28 15:00:36] request.INFO: Matched route "admin_module_configure_action". {"route":"admin_module_configure_action","route_parameters":{"_controller":"PrestaShopBundle\\Controller\\Admin\\Improve\\ModuleController::configureModuleAction","_legacy_controller":"AdminModules","module_name":"ps_facetedsearch","_route":"admin_module_configure_action"},"request_uri":"http://localhost/danshop/admin623addtdx/index.php/improve/modules/manage/action/configure/ps_facetedsearch?_token=MuSrlLc4u1a4_t6UB3BgyMV8kS7K9GD0OBTjmxcsLXc","method":"GET"} []
[2019-07-28 15:00:36] security.DEBUG: Read existing security token from the session. {"key":"_security_main","token_class":"Symfony\\Component\\Security\\Core\\Authentication\\Token\\UsernamePasswordToken"} []
[2019-07-28 15:00:36] security.DEBUG: User was reloaded from a user provider. {"provider":"PrestaShopBundle\\Security\\Admin\\EmployeeProvider","username":"gloryayivi@gmail.com"} []
[2019-07-28 15:00:36] app.ERROR: Data from PrestaShop Addons is invalid, and cannot fallback on cache.  {"exception":"cURL error 6: Could not resolve host: api-addons.prestashop.com"} []
[2019-07-28 15:00:37] security.DEBUG: Stored the security token in the session. {"key":"_security_main"} []
[2019-07-28 15:01:12] request.INFO: Matched route "admin_module_manage". {"route":"admin_module_manage","route_parameters":{"category":null,"keyword":null,"_controller":"PrestaShopBundle\\Controller\\Admin\\Improve\\ModuleController::manageAction","_legacy_controller":"AdminModulesManage","_legacy_link":["AdminModulesManage","AdminModulesSf"],"_route":"admin_module_manage"},"request_uri":"http://localhost/danshop/admin623addtdx/index.php/improve/modules/manage?_token=MuSrlLc4u1a4_t6UB3BgyMV8kS7K9GD0OBTjmxcsLXc","method":"GET"} []
[2019-07-28 15:01:12] security.DEBUG: Read existing security token from the session. {"key":"_security_main","token_class":"Symfony\\Component\\Security\\Core\\Authentication\\Token\\UsernamePasswordToken"} []
[2019-07-28 15:01:12] security.DEBUG: User was reloaded from a user provider. {"provider":"PrestaShopBundle\\Security\\Admin\\EmployeeProvider","username":"gloryayivi@gmail.com"} []
[2019-07-28 15:01:12] app.ERROR: Data from PrestaShop Addons is invalid, and cannot fallback on cache.  {"exception":"cURL error 6: Could not resolve host: api-addons.prestashop.com"} []
[2019-07-28 15:01:12] security.DEBUG: Stored the security token in the session. {"key":"_security_main"} []
[2019-07-28 15:01:13] request.INFO: Matched route "admin_module_notification_count". {"route":"admin_module_notification_count","route_parameters":{"_controller":"PrestaShopBundle\\Controller\\Admin\\Improve\\Modules\\AlertsController::notificationsCountAction","_legacy_controller":"AdminModulesNotifications","_legacy_link":"AdminModulesNotifications:count","_route":"admin_module_notification_count"},"request_uri":"http://localhost/danshop/admin623addtdx/index.php/improve/modules/alerts/count?_token=MuSrlLc4u1a4_t6UB3BgyMV8kS7K9GD0OBTjmxcsLXc","method":"GET"} []
[2019-07-28 15:01:13] security.DEBUG: Read existing security token from the session. {"key":"_security_main","token_class":"Symfony\\Component\\Security\\Core\\Authentication\\Token\\UsernamePasswordToken"} []
[2019-07-28 15:01:13] security.DEBUG: User was reloaded from a user provider. {"provider":"PrestaShopBundle\\Security\\Admin\\EmployeeProvider","username":"gloryayivi@gmail.com"} []
[2019-07-28 15:01:13] app.ERROR: Data from PrestaShop Addons is invalid, and cannot fallback on cache.  {"exception":"cURL error 6: Could not resolve host: api-addons.prestashop.com"} []
[2019-07-28 15:01:13] security.DEBUG: Stored the security token in the session. {"key":"_security_main"} []
[2019-07-28 15:02:34] request.INFO: Matched route "admin_module_manage". {"route":"admin_module_manage","route_parameters":{"category":null,"keyword":null,"_controller":"PrestaShopBundle\\Controller\\Admin\\Improve\\ModuleController::manageAction","_legacy_controller":"AdminModulesManage","_legacy_link":["AdminModulesManage","AdminModulesSf"],"_route":"admin_module_manage"},"request_uri":"http://localhost/danshop/admin623addtdx/index.php/improve/modules/manage?_token=MuSrlLc4u1a4_t6UB3BgyMV8kS7K9GD0OBTjmxcsLXc","method":"GET"} []
[2019-07-28 15:02:35] security.DEBUG: Read existing security token from the session. {"key":"_security_main","token_class":"Symfony\\Component\\Security\\Core\\Authentication\\Token\\UsernamePasswordToken"} []
[2019-07-28 15:02:35] security.DEBUG: User was reloaded from a user provider. {"provider":"PrestaShopBundle\\Security\\Admin\\EmployeeProvider","username":"gloryayivi@gmail.com"} []
[2019-07-28 15:02:35] app.ERROR: Data from PrestaShop Addons is invalid, and cannot fallback on cache.  {"exception":"cURL error 6: Could not resolve host: api-addons.prestashop.com"} []
[2019-07-28 15:02:35] security.DEBUG: Stored the security token in the session. {"key":"_security_main"} []
[2019-07-28 15:02:36] request.INFO: Matched route "admin_module_notification_count". {"route":"admin_module_notification_count","route_parameters":{"_controller":"PrestaShopBundle\\Controller\\Admin\\Improve\\Modules\\AlertsController::notificationsCountAction","_legacy_controller":"AdminModulesNotifications","_legacy_link":"AdminModulesNotifications:count","_route":"admin_module_notification_count"},"request_uri":"http://localhost/danshop/admin623addtdx/index.php/improve/modules/alerts/count?_token=MuSrlLc4u1a4_t6UB3BgyMV8kS7K9GD0OBTjmxcsLXc","method":"GET"} []
[2019-07-28 15:02:36] security.DEBUG: Read existing security token from the session. {"key":"_security_main","token_class":"Symfony\\Component\\Security\\Core\\Authentication\\Token\\UsernamePasswordToken"} []
[2019-07-28 15:02:36] security.DEBUG: User was reloaded from a user provider. {"provider":"PrestaShopBundle\\Security\\Admin\\EmployeeProvider","username":"gloryayivi@gmail.com"} []
[2019-07-28 15:02:36] app.ERROR: Data from PrestaShop Addons is invalid, and cannot fallback on cache.  {"exception":"cURL error 6: Could not resolve host: api-addons.prestashop.com"} []
[2019-07-28 15:02:36] security.DEBUG: Stored the security token in the session. {"key":"_security_main"} []
[2019-07-28 15:03:09] request.INFO: Matched route "admin_module_configure_action". {"route":"admin_module_configure_action","route_parameters":{"_controller":"PrestaShopBundle\\Controller\\Admin\\Improve\\ModuleController::configureModuleAction","_legacy_controller":"AdminModules","module_name":"ps_categorytree","_route":"admin_module_configure_action"},"request_uri":"http://localhost/danshop/admin623addtdx/index.php/improve/modules/manage/action/configure/ps_categorytree?_token=MuSrlLc4u1a4_t6UB3BgyMV8kS7K9GD0OBTjmxcsLXc","method":"GET"} []
[2019-07-28 15:03:09] security.DEBUG: Read existing security token from the session. {"key":"_security_main","token_class":"Symfony\\Component\\Security\\Core\\Authentication\\Token\\UsernamePasswordToken"} []
[2019-07-28 15:03:09] security.DEBUG: User was reloaded from a user provider. {"provider":"PrestaShopBundle\\Security\\Admin\\EmployeeProvider","username":"gloryayivi@gmail.com"} []
[2019-07-28 15:03:09] app.ERROR: Data from PrestaShop Addons is invalid, and cannot fallback on cache.  {"exception":"cURL error 6: Could not resolve host: api-addons.prestashop.com"} []
[2019-07-28 15:03:09] security.DEBUG: Stored the security token in the session. {"key":"_security_main"} []
[2019-07-28 15:12:40] request.INFO: Matched route "admin_module_manage". {"route":"admin_module_manage","route_parameters":{"category":null,"keyword":null,"_controller":"PrestaShopBundle\\Controller\\Admin\\Improve\\ModuleController::manageAction","_legacy_controller":"AdminModulesManage","_legacy_link":["AdminModulesManage","AdminModulesSf"],"_route":"admin_module_manage"},"request_uri":"http://localhost/danshop/admin623addtdx/index.php/improve/modules/manage?_token=MuSrlLc4u1a4_t6UB3BgyMV8kS7K9GD0OBTjmxcsLXc","method":"GET"} []
[2019-07-28 15:12:40] security.DEBUG: Read existing security token from the session. {"key":"_security_main","token_class":"Symfony\\Component\\Security\\Core\\Authentication\\Token\\UsernamePasswordToken"} []
[2019-07-28 15:12:40] security.DEBUG: User was reloaded from a user provider. {"provider":"PrestaShopBundle\\Security\\Admin\\EmployeeProvider","username":"gloryayivi@gmail.com"} []
[2019-07-28 15:12:40] app.ERROR: Data from PrestaShop Addons is invalid, and cannot fallback on cache.  {"exception":"cURL error 6: Could not resolve host: api-addons.prestashop.com"} []
[2019-07-28 15:12:41] security.DEBUG: Stored the security token in the session. {"key":"_security_main"} []
[2019-07-28 15:12:42] request.INFO: Matched route "admin_module_notification_count". {"route":"admin_module_notification_count","route_parameters":{"_controller":"PrestaShopBundle\\Controller\\Admin\\Improve\\Modules\\AlertsController::notificationsCountAction","_legacy_controller":"AdminModulesNotifications","_legacy_link":"AdminModulesNotifications:count","_route":"admin_module_notification_count"},"request_uri":"http://localhost/danshop/admin623addtdx/index.php/improve/modules/alerts/count?_token=MuSrlLc4u1a4_t6UB3BgyMV8kS7K9GD0OBTjmxcsLXc","method":"GET"} []
[2019-07-28 15:12:42] security.DEBUG: Read existing security token from the session. {"key":"_security_main","token_class":"Symfony\\Component\\Security\\Core\\Authentication\\Token\\UsernamePasswordToken"} []
[2019-07-28 15:12:42] security.DEBUG: User was reloaded from a user provider. {"provider":"PrestaShopBundle\\Security\\Admin\\EmployeeProvider","username":"gloryayivi@gmail.com"} []
[2019-07-28 15:12:42] app.ERROR: Data from PrestaShop Addons is invalid, and cannot fallback on cache.  {"exception":"cURL error 6: Could not resolve host: api-addons.prestashop.com"} []
[2019-07-28 15:12:42] security.DEBUG: Stored the security token in the session. {"key":"_security_main"} []
[2019-07-28 15:12:56] request.INFO: Matched route "admin_module_configure_action". {"route":"admin_module_configure_action","route_parameters":{"_controller":"PrestaShopBundle\\Controller\\Admin\\Improve\\ModuleController::configureModuleAction","_legacy_controller":"AdminModules","module_name":"appagebuilder","_route":"admin_module_configure_action"},"request_uri":"http://localhost/danshop/admin623addtdx/index.php/improve/modules/manage/action/configure/appagebuilder?_token=MuSrlLc4u1a4_t6UB3BgyMV8kS7K9GD0OBTjmxcsLXc","method":"GET"} []
[2019-07-28 15:12:56] security.DEBUG: Read existing security token from the session. {"key":"_security_main","token_class":"Symfony\\Component\\Security\\Core\\Authentication\\Token\\UsernamePasswordToken"} []
[2019-07-28 15:12:56] security.DEBUG: User was reloaded from a user provider. {"provider":"PrestaShopBundle\\Security\\Admin\\EmployeeProvider","username":"gloryayivi@gmail.com"} []
[2019-07-28 15:12:56] app.ERROR: Data from PrestaShop Addons is invalid, and cannot fallback on cache.  {"exception":"cURL error 6: Could not resolve host: api-addons.prestashop.com"} []
[2019-07-28 15:12:57] security.DEBUG: Stored the security token in the session. {"key":"_security_main"} []
[2019-07-28 15:13:11] request.INFO: Matched route "admin_module_manage". {"route":"admin_module_manage","route_parameters":{"category":null,"keyword":null,"_controller":"PrestaShopBundle\\Controller\\Admin\\Improve\\ModuleController::manageAction","_legacy_controller":"AdminModulesManage","_legacy_link":["AdminModulesManage","AdminModulesSf"],"_route":"admin_module_manage"},"request_uri":"http://localhost/danshop/admin623addtdx/index.php/improve/modules/manage?_token=MuSrlLc4u1a4_t6UB3BgyMV8kS7K9GD0OBTjmxcsLXc","method":"GET"} []
[2019-07-28 15:13:11] security.DEBUG: Read existing security token from the session. {"key":"_security_main","token_class":"Symfony\\Component\\Security\\Core\\Authentication\\Token\\UsernamePasswordToken"} []
[2019-07-28 15:13:11] security.DEBUG: User was reloaded from a user provider. {"provider":"PrestaShopBundle\\Security\\Admin\\EmployeeProvider","username":"gloryayivi@gmail.com"} []
[2019-07-28 15:13:11] app.ERROR: Data from PrestaShop Addons is invalid, and cannot fallback on cache.  {"exception":"cURL error 6: Could not resolve host: api-addons.prestashop.com"} []
[2019-07-28 15:13:12] security.DEBUG: Stored the security token in the session. {"key":"_security_main"} []
[2019-07-28 15:13:13] request.INFO: Matched route "admin_module_notification_count". {"route":"admin_module_notification_count","route_parameters":{"_controller":"PrestaShopBundle\\Controller\\Admin\\Improve\\Modules\\AlertsController::notificationsCountAction","_legacy_controller":"AdminModulesNotifications","_legacy_link":"AdminModulesNotifications:count","_route":"admin_module_notification_count"},"request_uri":"http://localhost/danshop/admin623addtdx/index.php/improve/modules/alerts/count?_token=MuSrlLc4u1a4_t6UB3BgyMV8kS7K9GD0OBTjmxcsLXc","method":"GET"} []
[2019-07-28 15:13:13] security.DEBUG: Read existing security token from the session. {"key":"_security_main","token_class":"Symfony\\Component\\Security\\Core\\Authentication\\Token\\UsernamePasswordToken"} []
[2019-07-28 15:13:13] security.DEBUG: User was reloaded from a user provider. {"provider":"PrestaShopBundle\\Security\\Admin\\EmployeeProvider","username":"gloryayivi@gmail.com"} []
[2019-07-28 15:13:13] app.ERROR: Data from PrestaShop Addons is invalid, and cannot fallback on cache.  {"exception":"cURL error 6: Could not resolve host: api-addons.prestashop.com"} []
[2019-07-28 15:13:13] security.DEBUG: Stored the security token in the session. {"key":"_security_main"} []
[2019-07-28 15:13:18] request.INFO: Matched route "admin_module_configure_action". {"route":"admin_module_configure_action","route_parameters":{"_controller":"PrestaShopBundle\\Controller\\Admin\\Improve\\ModuleController::configureModuleAction","_legacy_controller":"AdminModules","module_name":"leoslideshow","_route":"admin_module_configure_action"},"request_uri":"http://localhost/danshop/admin623addtdx/index.php/improve/modules/manage/action/configure/leoslideshow?_token=MuSrlLc4u1a4_t6UB3BgyMV8kS7K9GD0OBTjmxcsLXc","method":"GET"} []
[2019-07-28 15:13:18] security.DEBUG: Read existing security token from the session. {"key":"_security_main","token_class":"Symfony\\Component\\Security\\Core\\Authentication\\Token\\UsernamePasswordToken"} []
[2019-07-28 15:13:18] security.DEBUG: User was reloaded from a user provider. {"provider":"PrestaShopBundle\\Security\\Admin\\EmployeeProvider","username":"gloryayivi@gmail.com"} []
[2019-07-28 15:13:18] app.ERROR: Data from PrestaShop Addons is invalid, and cannot fallback on cache.  {"exception":"cURL error 6: Could not resolve host: api-addons.prestashop.com"} []
[2019-07-28 15:13:18] security.DEBUG: Stored the security token in the session. {"key":"_security_main"} []
[2019-08-01 08:44:51] request.INFO: Matched route "admin_product_form". {"route":"admin_product_form","route_parameters":{"_controller":"PrestaShopBundle\\Controller\\Admin\\ProductController::formAction","_legacy_controller":"AdminProducts","_legacy_param_mapper_class":"PrestaShop\\PrestaShop\\Adapter\\Product\\AdminProductDataProvider","_legacy_param_mapper_method":"mapLegacyParametersProductForm","id":"77","_route":"admin_product_form"},"request_uri":"http://localhost/danshop/admin623addtdx/index.php/sell/catalog/products/77?_token=J6Ap_NtFUgMPlSWzQ7l99r1MVubzLazexXHwtCOwOtk","method":"GET"} []
[2019-08-01 08:44:51] security.DEBUG: Read existing security token from the session. {"key":"_security_main","token_class":"Symfony\\Component\\Security\\Core\\Authentication\\Token\\UsernamePasswordToken"} []
[2019-08-01 08:44:51] security.DEBUG: User was reloaded from a user provider. {"provider":"PrestaShopBundle\\Security\\Admin\\EmployeeProvider","username":"gloryayivi@gmail.com"} []
[2019-08-01 08:44:56] app.ERROR: Data from PrestaShop Addons is invalid, and cannot fallback on cache.  {"exception":"cURL error 28: Operation timed out after 5000 milliseconds with 312621 bytes received"} []
[2019-08-01 08:44:56] security.DEBUG: Stored the security token in the session. {"key":"_security_main"} []
